<?xml version="1.0" encoding="UTF-8"?>
<coverage generated="1672832349425" clover="3.2.0">
  <project timestamp="1672832349425" name="All files">
    <metrics statements="18" coveredstatements="13" conditionals="1" coveredconditionals="0" methods="5" coveredmethods="5" elements="24" coveredelements="18" complexity="0" loc="18" ncloc="18" packages="2" files="2" classes="2"/>
    <package name="models">
      <metrics statements="4" coveredstatements="4" conditionals="0" coveredconditionals="0" methods="0" coveredmethods="0"/>
      <file name="user.ts" path="C:\Users\device\Documents\programacion\zzztest\Dev united\Back\server\models\user.ts">
        <metrics statements="4" coveredstatements="4" conditionals="0" coveredconditionals="0" methods="0" coveredmethods="0"/>
        <line num="1" count="1" type="stmt"/>
        <line num="3" count="1" type="stmt"/>
        <line num="5" count="1" type="stmt"/>
        <line num="20" count="1" type="stmt"/>
      </file>
    </package>
    <package name="services">
      <metrics statements="14" coveredstatements="9" conditionals="1" coveredconditionals="0" methods="5" coveredmethods="5"/>
      <file name="user.ts" path="C:\Users\device\Documents\programacion\zzztest\Dev united\Back\server\services\user.ts">
        <metrics statements="14" coveredstatements="9" conditionals="1" coveredconditionals="0" methods="5" coveredmethods="5"/>
        <line num="1" count="1" type="stmt"/>
        <line num="4" count="1" type="stmt"/>
        <line num="5" count="1" type="stmt"/>
        <line num="6" count="1" type="stmt"/>
        <line num="7" count="0" type="stmt"/>
        <line num="9" count="1" type="stmt"/>
        <line num="10" count="1" type="stmt"/>
        <line num="11" count="1" type="stmt"/>
        <line num="12" count="1" type="stmt"/>
        <line num="14" count="0" type="stmt"/>
        <line num="15" count="0" type="cond" truecount="0" falsecount="1"/>
        <line num="16" count="0" type="stmt"/>
        <line num="17" count="0" type="stmt"/>
        <line num="20" count="1" type="stmt"/>
      </file>
    </package>
  </project>
</coverage>
