TN:
SF:server\models\user.ts
FNF:0
FNH:0
DA:1,1
DA:3,1
DA:5,1
DA:20,1
LF:4
LH:4
BRF:0
BRH:0
end_of_record
TN:
SF:server\services\user.ts
FN:5,(anonymous_8)
FN:5,(anonymous_9)
FN:9,(anonymous_10)
FN:9,(anonymous_11)
FN:19,(anonymous_12)
FNF:5
FNH:5
FNDA:1,(anonymous_8)
FNDA:1,(anonymous_9)
FNDA:1,(anonymous_10)
FNDA:1,(anonymous_11)
FNDA:1,(anonymous_12)
DA:1,1
DA:4,1
DA:5,1
DA:6,1
DA:7,0
DA:9,1
DA:10,1
DA:11,1
DA:12,1
DA:14,0
DA:15,0
DA:16,0
DA:17,0
DA:20,1
LF:14
LH:9
BRDA:15,0,0,0
BRF:1
BRH:0
end_of_record
